{"numFailedTestSuites":0,"numFailedTests":0,"numPassedTestSuites":9,"numPassedTests":150,"numPendingTestSuites":0,"numPendingTests":0,"numRuntimeErrorTestSuites":0,"numTodoTests":0,"numTotalTestSuites":9,"numTotalTests":150,"openHandles":[],"snapshot":{"added":0,"didUpdate":false,"failure":false,"filesAdded":0,"filesRemoved":0,"filesRemovedList":[],"filesUnmatched":0,"filesUpdated":0,"matched":0,"total":0,"unchecked":0,"uncheckedKeysByFile":[],"unmatched":0,"updated":0},"startTime":1779295919085,"success":true,"testResults":[{"assertionResults":[{"ancestorTitles":["Authentication API Tests","POST /api/auth/register"],"duration":448,"failureDetails":[],"failureMessages":[],"fullName":"Authentication API Tests POST /api/auth/register should register a new user successfully","invocations":1,"location":null,"numPassingAsserts":6,"retryReasons":[],"status":"passed","title":"should register a new user successfully"},{"ancestorTitles":["Authentication API Tests","POST /api/auth/register"],"duration":103,"failureDetails":[],"failureMessages":[],"fullName":"Authentication API Tests POST /api/auth/register should reject registration with invalid email","invocations":1,"location":null,"numPassingAsserts":2,"retryReasons":[],"status":"passed","title":"should reject registration with invalid email"},{"ancestorTitles":["Authentication API Tests","POST /api/auth/register"],"duration":25,"failureDetails":[],"failureMessages":[],"fullName":"Authentication API Tests POST /api/auth/register should reject registration with short password","invocations":1,"location":null,"numPassingAsserts":2,"retryReasons":[],"status":"passed","title":"should reject registration with short password"},{"ancestorTitles":["Authentication API Tests","POST /api/auth/register"],"duration":39,"failureDetails":[],"failureMessages":[],"fullName":"Authentication API Tests POST /api/auth/register should reject duplicate email registration","invocations":1,"location":null,"numPassingAsserts":2,"retryReasons":[],"status":"passed","title":"should reject duplicate email registration"},{"ancestorTitles":["Authentication API Tests","POST /api/auth/login"],"duration":483,"failureDetails":[],"failureMessages":[],"fullName":"Authentication API Tests POST /api/auth/login should login with valid credentials","invocations":1,"location":null,"numPassingAsserts":7,"retryReasons":[],"status":"passed","title":"should login with valid credentials"},{"ancestorTitles":["Authentication API Tests","POST /api/auth/login"],"duration":16,"failureDetails":[],"failureMessages":[],"fullName":"Authentication API Tests POST /api/auth/login should reject login with invalid email","invocations":1,"location":null,"numPassingAsserts":2,"retryReasons":[],"status":"passed","title":"should reject login with invalid email"},{"ancestorTitles":["Authentication API Tests","POST /api/auth/login"],"duration":478,"failureDetails":[],"failureMessages":[],"fullName":"Authentication API Tests POST /api/auth/login should reject login with incorrect password","invocations":1,"location":null,"numPassingAsserts":2,"retryReasons":[],"status":"passed","title":"should reject login with incorrect password"},{"ancestorTitles":["Authentication API Tests","GET /api/auth/profile"],"duration":26,"failureDetails":[],"failureMessages":[],"fullName":"Authentication API Tests GET /api/auth/profile should get profile with valid token","invocations":1,"location":null,"numPassingAsserts":3,"retryReasons":[],"status":"passed","title":"should get profile with valid token"},{"ancestorTitles":["Authentication API Tests","GET /api/auth/profile"],"duration":19,"failureDetails":[],"failureMessages":[],"fullName":"Authentication API Tests GET /api/auth/profile should reject request without token","invocations":1,"location":null,"numPassingAsserts":2,"retryReasons":[],"status":"passed","title":"should reject request without token"},{"ancestorTitles":["Authentication API Tests","GET /api/auth/profile"],"duration":18,"failureDetails":[],"failureMessages":[],"fullName":"Authentication API Tests GET /api/auth/profile should reject request with invalid token","invocations":1,"location":null,"numPassingAsserts":3,"retryReasons":[],"status":"passed","title":"should reject request with invalid token"},{"ancestorTitles":["Authentication API Tests","POST /api/auth/refresh"],"duration":17,"failureDetails":[],"failureMessages":[],"fullName":"Authentication API Tests POST /api/auth/refresh should rotate access and refresh tokens with valid refresh token","invocations":1,"location":null,"numPassingAsserts":5,"retryReasons":[],"status":"passed","title":"should rotate access and refresh tokens with valid refresh token"},{"ancestorTitles":["Authentication API Tests","POST /api/auth/refresh"],"duration":29,"failureDetails":[],"failureMessages":[],"fullName":"Authentication API Tests POST /api/auth/refresh should reject refresh with invalid refresh token","invocations":1,"location":null,"numPassingAsserts":2,"retryReasons":[],"status":"passed","title":"should reject refresh with invalid refresh token"},{"ancestorTitles":["Authentication API Tests","POST /api/auth/refresh"],"duration":13,"failureDetails":[],"failureMessages":[],"fullName":"Authentication API Tests POST /api/auth/refresh should reject rotated refresh token and revoke stored state","invocations":1,"location":null,"numPassingAsserts":2,"retryReasons":[],"status":"passed","title":"should reject rotated refresh token and revoke stored state"},{"ancestorTitles":["Authentication API Tests","PUT /api/auth/profile"],"duration":24,"failureDetails":[],"failureMessages":[],"fullName":"Authentication API Tests PUT /api/auth/profile should update profile with valid data","invocations":1,"location":null,"numPassingAsserts":3,"retryReasons":[],"status":"passed","title":"should update profile with valid data"},{"ancestorTitles":["Authentication API Tests","Admin Routes"],"duration":18,"failureDetails":[],"failureMessages":[],"fullName":"Authentication API Tests Admin Routes should allow admin to get all users","invocations":1,"location":null,"numPassingAsserts":3,"retryReasons":[],"status":"passed","title":"should allow admin to get all users"},{"ancestorTitles":["Authentication API Tests","Admin Routes"],"duration":26,"failureDetails":[],"failureMessages":[],"fullName":"Authentication API Tests Admin Routes should reject non-admin from accessing admin routes","invocations":1,"location":null,"numPassingAsserts":2,"retryReasons":[],"status":"passed","title":"should reject non-admin from accessing admin routes"},{"ancestorTitles":["Authentication API Tests","Admin Routes"],"duration":22,"failureDetails":[],"failureMessages":[],"fullName":"Authentication API Tests Admin Routes should allow admin to fetch system settings","invocations":1,"location":null,"numPassingAsserts":3,"retryReasons":[],"status":"passed","title":"should allow admin to fetch system settings"},{"ancestorTitles":["Authentication API Tests","Admin Routes"],"duration":19,"failureDetails":[],"failureMessages":[],"fullName":"Authentication API Tests Admin Routes should allow admin to update system settings","invocations":1,"location":null,"numPassingAsserts":3,"retryReasons":[],"status":"passed","title":"should allow admin to update system settings"},{"ancestorTitles":["Authentication API Tests","Admin Routes"],"duration":35,"failureDetails":[],"failureMessages":[],"fullName":"Authentication API Tests Admin Routes should validate settings payload for admin updates","invocations":1,"location":null,"numPassingAsserts":2,"retryReasons":[],"status":"passed","title":"should validate settings payload for admin updates"},{"ancestorTitles":["Authentication API Tests","POST /api/auth/logout"],"duration":33,"failureDetails":[],"failureMessages":[],"fullName":"Authentication API Tests POST /api/auth/logout should clear auth cookies and revoke refresh token state","invocations":1,"location":null,"numPassingAsserts":5,"retryReasons":[],"status":"passed","title":"should clear auth cookies and revoke refresh token state"},{"ancestorTitles":["Health Check"],"duration":16,"failureDetails":[],"failureMessages":[],"fullName":"Health Check GET /health should return server status","invocations":1,"location":null,"numPassingAsserts":3,"retryReasons":[],"status":"passed","title":"GET /health should return server status"},{"ancestorTitles":["404 Handler"],"duration":27,"failureDetails":[],"failureMessages":[],"fullName":"404 Handler should return 404 for non-existent routes","invocations":1,"location":null,"numPassingAsserts":2,"retryReasons":[],"status":"passed","title":"should return 404 for non-existent routes"}],"endTime":1779295927572,"message":"","name":"C:\\Users\\Rushabh Mahajan\\Documents\\GitHub\\smart-campus-utility-hub\\smart-campus-backend\\__tests__\\auth.test.js","startTime":1779295919352,"status":"passed","summary":""},{"assertionResults":[{"ancestorTitles":["Timetable API Tests","GET /api/timetable/teachers"],"duration":64,"failureDetails":[],"failureMessages":[],"fullName":"Timetable API Tests GET /api/timetable/teachers should get all teachers","invocations":1,"location":null,"numPassingAsserts":4,"retryReasons":[],"status":"passed","title":"should get all teachers"},{"ancestorTitles":["Timetable API Tests","GET /api/timetable/teachers"],"duration":30,"failureDetails":[],"failureMessages":[],"fullName":"Timetable API Tests GET /api/timetable/teachers should filter teachers by department","invocations":1,"location":null,"numPassingAsserts":1,"retryReasons":[],"status":"passed","title":"should filter teachers by department"},{"ancestorTitles":["Timetable API Tests","GET /api/timetable/subjects"],"duration":31,"failureDetails":[],"failureMessages":[],"fullName":"Timetable API Tests GET /api/timetable/subjects should get all subjects","invocations":1,"location":null,"numPassingAsserts":3,"retryReasons":[],"status":"passed","title":"should get all subjects"},{"ancestorTitles":["Timetable API Tests","GET /api/timetable/group/:groupId"],"duration":33,"failureDetails":[],"failureMessages":[],"fullName":"Timetable API Tests GET /api/timetable/group/:groupId should get timetable for a specific group","invocations":1,"location":null,"numPassingAsserts":3,"retryReasons":[],"status":"passed","title":"should get timetable for a specific group"},{"ancestorTitles":["Timetable API Tests","GET /api/timetable/group/:groupId/ical"],"duration":18,"failureDetails":[],"failureMessages":[],"fullName":"Timetable API Tests GET /api/timetable/group/:groupId/ical should export timetable in iCal format","invocations":1,"location":null,"numPassingAsserts":4,"retryReasons":[],"status":"passed","title":"should export timetable in iCal format"},{"ancestorTitles":["Timetable API Tests","POST /api/timetable/teachers (Admin)"],"duration":48,"failureDetails":[],"failureMessages":[],"fullName":"Timetable API Tests POST /api/timetable/teachers (Admin) should create a teacher with admin token","invocations":1,"location":null,"numPassingAsserts":3,"retryReasons":[],"status":"passed","title":"should create a teacher with admin token"},{"ancestorTitles":["Timetable API Tests","POST /api/timetable/teachers (Admin)"],"duration":30,"failureDetails":[],"failureMessages":[],"fullName":"Timetable API Tests POST /api/timetable/teachers (Admin) should reject teacher creation without admin privileges","invocations":1,"location":null,"numPassingAsserts":1,"retryReasons":[],"status":"passed","title":"should reject teacher creation without admin privileges"},{"ancestorTitles":["Electives API Tests","GET /api/electives"],"duration":96,"failureDetails":[],"failureMessages":[],"fullName":"Electives API Tests GET /api/electives should get all electives","invocations":1,"location":null,"numPassingAsserts":4,"retryReasons":[],"status":"passed","title":"should get all electives"},{"ancestorTitles":["Electives API Tests","POST /api/electives (Admin)"],"duration":31,"failureDetails":[],"failureMessages":[],"fullName":"Electives API Tests POST /api/electives (Admin) should create elective with admin token","invocations":1,"location":null,"numPassingAsserts":3,"retryReasons":[],"status":"passed","title":"should create elective with admin token"},{"ancestorTitles":["Electives API Tests","POST /api/electives/choices (Student)"],"duration":59,"failureDetails":[],"failureMessages":[],"fullName":"Electives API Tests POST /api/electives/choices (Student) should allow student to submit elective choices","invocations":1,"location":null,"numPassingAsserts":2,"retryReasons":[],"status":"passed","title":"should allow student to submit elective choices"},{"ancestorTitles":["Electives API Tests","POST /api/electives/choices (Student)"],"duration":44,"failureDetails":[],"failureMessages":[],"fullName":"Electives API Tests POST /api/electives/choices (Student) should reject choices submission without authentication","invocations":1,"location":null,"numPassingAsserts":1,"retryReasons":[],"status":"passed","title":"should reject choices submission without authentication"},{"ancestorTitles":["Electives API Tests","GET /api/electives/my/choices (Student)"],"duration":17,"failureDetails":[],"failureMessages":[],"fullName":"Electives API Tests GET /api/electives/my/choices (Student) should get student's elective choices","invocations":1,"location":null,"numPassingAsserts":3,"retryReasons":[],"status":"passed","title":"should get student's elective choices"},{"ancestorTitles":["Electives API Tests","GET /api/electives/my/allocation (Student)"],"duration":20,"failureDetails":[],"failureMessages":[],"fullName":"Electives API Tests GET /api/electives/my/allocation (Student) should get student's allocated elective","invocations":1,"location":null,"numPassingAsserts":2,"retryReasons":[],"status":"passed","title":"should get student's allocated elective"},{"ancestorTitles":["Electives API Tests","GET /api/electives/my/allocation (Student)"],"duration":12,"failureDetails":[],"failureMessages":[],"fullName":"Electives API Tests GET /api/electives/my/allocation (Student) should handle no allocation case","invocations":1,"location":null,"numPassingAsserts":2,"retryReasons":[],"status":"passed","title":"should handle no allocation case"},{"ancestorTitles":["Electives API Tests","GET /api/electives/my/waitlist (Student)"],"duration":9,"failureDetails":[],"failureMessages":[],"fullName":"Electives API Tests GET /api/electives/my/waitlist (Student) should get student waitlist entries","invocations":1,"location":null,"numPassingAsserts":3,"retryReasons":[],"status":"passed","title":"should get student waitlist entries"},{"ancestorTitles":["Electives API Tests","POST /api/electives/allocate (Admin)"],"duration":23,"failureDetails":[],"failureMessages":[],"fullName":"Electives API Tests POST /api/electives/allocate (Admin) should run allocation algorithm with admin token","invocations":1,"location":null,"numPassingAsserts":3,"retryReasons":[],"status":"passed","title":"should run allocation algorithm with admin token"},{"ancestorTitles":["Electives API Tests","POST /api/electives/allocate (Admin)"],"duration":18,"failureDetails":[],"failureMessages":[],"fullName":"Electives API Tests POST /api/electives/allocate (Admin) should reject allocation by non-admin","invocations":1,"location":null,"numPassingAsserts":1,"retryReasons":[],"status":"passed","title":"should reject allocation by non-admin"},{"ancestorTitles":["Electives API Tests","POST /api/electives/waitlist/process (Admin)"],"duration":14,"failureDetails":[],"failureMessages":[],"fullName":"Electives API Tests POST /api/electives/waitlist/process (Admin) should process waitlist with admin token","invocations":1,"location":null,"numPassingAsserts":3,"retryReasons":[],"status":"passed","title":"should process waitlist with admin token"},{"ancestorTitles":["Integration - Full API Flow"],"duration":11,"failureDetails":[],"failureMessages":[],"fullName":"Integration - Full API Flow should handle complete request cycle","invocations":1,"location":null,"numPassingAsserts":2,"retryReasons":[],"status":"passed","title":"should handle complete request cycle"}],"endTime":1779295930195,"message":"","name":"C:\\Users\\Rushabh Mahajan\\Documents\\GitHub\\smart-campus-utility-hub\\smart-campus-backend\\__tests__\\timetable-electives.test.js","startTime":1779295927714,"status":"passed","summary":""},{"assertionResults":[{"ancestorTitles":["Complete Timetable Generation System Tests","1. Resource Creation - Teachers, Subjects, Rooms, Groups"],"duration":36,"failureDetails":[],"failureMessages":[],"fullName":"Complete Timetable Generation System Tests 1. Resource Creation - Teachers, Subjects, Rooms, Groups POST /api/timetable/teachers - Create teacher","invocations":1,"location":null,"numPassingAsserts":3,"retryReasons":[],"status":"passed","title":"POST /api/timetable/teachers - Create teacher"},{"ancestorTitles":["Complete Timetable Generation System Tests","1. Resource Creation - Teachers, Subjects, Rooms, Groups"],"duration":25,"failureDetails":[],"failureMessages":[],"fullName":"Complete Timetable Generation System Tests 1. Resource Creation - Teachers, Subjects, Rooms, Groups POST /api/timetable/subjects - Create subject","invocations":1,"location":null,"numPassingAsserts":3,"retryReasons":[],"status":"passed","title":"POST /api/timetable/subjects - Create subject"},{"ancestorTitles":["Complete Timetable Generation System Tests","1. Resource Creation - Teachers, Subjects, Rooms, Groups"],"duration":12,"failureDetails":[],"failureMessages":[],"fullName":"Complete Timetable Generation System Tests 1. Resource Creation - Teachers, Subjects, Rooms, Groups POST /api/timetable/rooms - Create room","invocations":1,"location":null,"numPassingAsserts":3,"retryReasons":[],"status":"passed","title":"POST /api/timetable/rooms - Create room"},{"ancestorTitles":["Complete Timetable Generation System Tests","1. Resource Creation - Teachers, Subjects, Rooms, Groups"],"duration":16,"failureDetails":[],"failureMessages":[],"fullName":"Complete Timetable Generation System Tests 1. Resource Creation - Teachers, Subjects, Rooms, Groups POST /api/timetable/groups - Create student group","invocations":1,"location":null,"numPassingAsserts":3,"retryReasons":[],"status":"passed","title":"POST /api/timetable/groups - Create student group"},{"ancestorTitles":["Complete Timetable Generation System Tests","2. Assignment Tests - Link Resources"],"duration":18,"failureDetails":[],"failureMessages":[],"fullName":"Complete Timetable Generation System Tests 2. Assignment Tests - Link Resources POST /api/timetable/assign/teacher-subject - Assign teacher to subject","invocations":1,"location":null,"numPassingAsserts":3,"retryReasons":[],"status":"passed","title":"POST /api/timetable/assign/teacher-subject - Assign teacher to subject"},{"ancestorTitles":["Complete Timetable Generation System Tests","2. Assignment Tests - Link Resources"],"duration":16,"failureDetails":[],"failureMessages":[],"fullName":"Complete Timetable Generation System Tests 2. Assignment Tests - Link Resources POST /api/timetable/assign/subject-group - Assign subject to group","invocations":1,"location":null,"numPassingAsserts":3,"retryReasons":[],"status":"passed","title":"POST /api/timetable/assign/subject-group - Assign subject to group"},{"ancestorTitles":["Complete Timetable Generation System Tests","3. Timetable Viewing Tests"],"duration":17,"failureDetails":[],"failureMessages":[],"fullName":"Complete Timetable Generation System Tests 3. Timetable Viewing Tests GET /api/timetable/teachers - List all teachers","invocations":1,"location":null,"numPassingAsserts":7,"retryReasons":[],"status":"passed","title":"GET /api/timetable/teachers - List all teachers"},{"ancestorTitles":["Complete Timetable Generation System Tests","3. Timetable Viewing Tests"],"duration":12,"failureDetails":[],"failureMessages":[],"fullName":"Complete Timetable Generation System Tests 3. Timetable Viewing Tests GET /api/timetable/subjects - List all subjects","invocations":1,"location":null,"numPassingAsserts":4,"retryReasons":[],"status":"passed","title":"GET /api/timetable/subjects - List all subjects"},{"ancestorTitles":["Complete Timetable Generation System Tests","3. Timetable Viewing Tests"],"duration":13,"failureDetails":[],"failureMessages":[],"fullName":"Complete Timetable Generation System Tests 3. Timetable Viewing Tests GET /api/timetable/config - Get configuration","invocations":1,"location":null,"numPassingAsserts":5,"retryReasons":[],"status":"passed","title":"GET /api/timetable/config - Get configuration"},{"ancestorTitles":["Complete Timetable Generation System Tests","3. Timetable Viewing Tests"],"duration":8,"failureDetails":[],"failureMessages":[],"fullName":"Complete Timetable Generation System Tests 3. Timetable Viewing Tests GET /api/timetable/group/:groupId - Get group timetable","invocations":1,"location":null,"numPassingAsserts":3,"retryReasons":[],"status":"passed","title":"GET /api/timetable/group/:groupId - Get group timetable"},{"ancestorTitles":["Complete Timetable Generation System Tests","3. Timetable Viewing Tests"],"duration":20,"failureDetails":[],"failureMessages":[],"fullName":"Complete Timetable Generation System Tests 3. Timetable Viewing Tests GET /api/timetable/teacher/:teacherId - Get teacher timetable","invocations":1,"location":null,"numPassingAsserts":3,"retryReasons":[],"status":"passed","title":"GET /api/timetable/teacher/:teacherId - Get teacher timetable"},{"ancestorTitles":["Complete Timetable Generation System Tests","4. Access Control Tests"],"duration":15,"failureDetails":[],"failureMessages":[],"fullName":"Complete Timetable Generation System Tests 4. Access Control Tests Should reject teacher creation without admin token","invocations":1,"location":null,"numPassingAsserts":1,"retryReasons":[],"status":"passed","title":"Should reject teacher creation without admin token"},{"ancestorTitles":["Complete Timetable Generation System Tests","4. Access Control Tests"],"duration":14,"failureDetails":[],"failureMessages":[],"fullName":"Complete Timetable Generation System Tests 4. Access Control Tests Should reject generation without authentication","invocations":1,"location":null,"numPassingAsserts":1,"retryReasons":[],"status":"passed","title":"Should reject generation without authentication"},{"ancestorTitles":["Complete Timetable Generation System Tests","5. Validation Tests"],"duration":125,"failureDetails":[],"failureMessages":[],"fullName":"Complete Timetable Generation System Tests 5. Validation Tests Should validate required fields for teacher creation","invocations":1,"location":null,"numPassingAsserts":1,"retryReasons":[],"status":"passed","title":"Should validate required fields for teacher creation"},{"ancestorTitles":["Complete Timetable Generation System Tests","5. Validation Tests"],"duration":14,"failureDetails":[],"failureMessages":[],"fullName":"Complete Timetable Generation System Tests 5. Validation Tests Should filter teachers by department","invocations":1,"location":null,"numPassingAsserts":2,"retryReasons":[],"status":"passed","title":"Should filter teachers by department"},{"ancestorTitles":["Complete Timetable Generation System Tests","6. Integration Test - Complete Flow"],"duration":17,"failureDetails":[],"failureMessages":[],"fullName":"Complete Timetable Generation System Tests 6. Integration Test - Complete Flow Should handle complete timetable lifecycle","invocations":1,"location":null,"numPassingAsserts":2,"retryReasons":[],"status":"passed","title":"Should handle complete timetable lifecycle"},{"ancestorTitles":["Complete Timetable Generation System Tests","7. Edge Cases"],"duration":13,"failureDetails":[],"failureMessages":[],"fullName":"Complete Timetable Generation System Tests 7. Edge Cases Should handle empty results gracefully","invocations":1,"location":null,"numPassingAsserts":5,"retryReasons":[],"status":"passed","title":"Should handle empty results gracefully"},{"ancestorTitles":["Complete Timetable Generation System Tests","7. Edge Cases"],"duration":22,"failureDetails":[],"failureMessages":[],"fullName":"Complete Timetable Generation System Tests 7. Edge Cases Should handle UUID format in routes","invocations":1,"location":null,"numPassingAsserts":2,"retryReasons":[],"status":"passed","title":"Should handle UUID format in routes"},{"ancestorTitles":["Timetable Generation Algorithm Tests"],"duration":4,"failureDetails":[],"failureMessages":[],"fullName":"Timetable Generation Algorithm Tests Should test TimetableSolver class directly","invocations":1,"location":null,"numPassingAsserts":4,"retryReasons":[],"status":"passed","title":"Should test TimetableSolver class directly"},{"ancestorTitles":["Timetable Generation Algorithm Tests"],"duration":2,"failureDetails":[],"failureMessages":[],"fullName":"Timetable Generation Algorithm Tests Should generate time slots correctly","invocations":1,"location":null,"numPassingAsserts":4,"retryReasons":[],"status":"passed","title":"Should generate time slots correctly"},{"ancestorTitles":["Conflict Detection & Smart Suggestion Engine - Issue #96","ConflictDetector"],"duration":5,"failureDetails":[],"failureMessages":[],"fullName":"Conflict Detection & Smart Suggestion Engine - Issue #96 ConflictDetector Should detect TEACHER_CONFLICT when teacher already scheduled","invocations":1,"location":null,"numPassingAsserts":1,"retryReasons":[],"status":"passed","title":"Should detect TEACHER_CONFLICT when teacher already scheduled"},{"ancestorTitles":["Conflict Detection & Smart Suggestion Engine - Issue #96","ConflictDetector"],"duration":2,"failureDetails":[],"failureMessages":[],"fullName":"Conflict Detection & Smart Suggestion Engine - Issue #96 ConflictDetector Should detect ROOM_CONFLICT when room already occupied","invocations":1,"location":null,"numPassingAsserts":1,"retryReasons":[],"status":"passed","title":"Should detect ROOM_CONFLICT when room already occupied"},{"ancestorTitles":["Conflict Detection & Smart Suggestion Engine - Issue #96","ConflictDetector"],"duration":3,"failureDetails":[],"failureMessages":[],"fullName":"Conflict Detection & Smart Suggestion Engine - Issue #96 ConflictDetector Should detect GROUP_CONFLICT when group already scheduled","invocations":1,"location":null,"numPassingAsserts":1,"retryReasons":[],"status":"passed","title":"Should detect GROUP_CONFLICT when group already scheduled"},{"ancestorTitles":["Conflict Detection & Smart Suggestion Engine - Issue #96","ConflictDetector"],"duration":2,"failureDetails":[],"failureMessages":[],"fullName":"Conflict Detection & Smart Suggestion Engine - Issue #96 ConflictDetector Should detect CAPACITY_CONFLICT when room too small","invocations":1,"location":null,"numPassingAsserts":1,"retryReasons":[],"status":"passed","title":"Should detect CAPACITY_CONFLICT when room too small"},{"ancestorTitles":["Conflict Detection & Smart Suggestion Engine - Issue #96","ConflictDetector"],"duration":1,"failureDetails":[],"failureMessages":[],"fullName":"Conflict Detection & Smart Suggestion Engine - Issue #96 ConflictDetector Should detect ROOM_TYPE_CONFLICT for lab class in classroom","invocations":1,"location":null,"numPassingAsserts":1,"retryReasons":[],"status":"passed","title":"Should detect ROOM_TYPE_CONFLICT for lab class in classroom"},{"ancestorTitles":["Conflict Detection & Smart Suggestion Engine - Issue #96","ConflictDetector"],"duration":1,"failureDetails":[],"failureMessages":[],"fullName":"Conflict Detection & Smart Suggestion Engine - Issue #96 ConflictDetector Should return empty array when no conflicts","invocations":1,"location":null,"numPassingAsserts":1,"retryReasons":[],"status":"passed","title":"Should return empty array when no conflicts"},{"ancestorTitles":["Conflict Detection & Smart Suggestion Engine - Issue #96","ConflictDetector"],"duration":2,"failureDetails":[],"failureMessages":[],"fullName":"Conflict Detection & Smart Suggestion Engine - Issue #96 ConflictDetector Should detect multiple conflicts simultaneously","invocations":1,"location":null,"numPassingAsserts":3,"retryReasons":[],"status":"passed","title":"Should detect multiple conflicts simultaneously"},{"ancestorTitles":["Conflict Detection & Smart Suggestion Engine - Issue #96","SuggestionEngine"],"duration":4,"failureDetails":[],"failureMessages":[],"fullName":"Conflict Detection & Smart Suggestion Engine - Issue #96 SuggestionEngine Should generate suggestions for available slots","invocations":1,"location":null,"numPassingAsserts":3,"retryReasons":[],"status":"passed","title":"Should generate suggestions for available slots"},{"ancestorTitles":["Conflict Detection & Smart Suggestion Engine - Issue #96","SuggestionEngine"],"duration":4,"failureDetails":[],"failureMessages":[],"fullName":"Conflict Detection & Smart Suggestion Engine - Issue #96 SuggestionEngine Should return top 3 suggestions sorted by score","invocations":1,"location":null,"numPassingAsserts":15,"retryReasons":[],"status":"passed","title":"Should return top 3 suggestions sorted by score"},{"ancestorTitles":["Conflict Detection & Smart Suggestion Engine - Issue #96","SuggestionEngine"],"duration":2,"failureDetails":[],"failureMessages":[],"fullName":"Conflict Detection & Smart Suggestion Engine - Issue #96 SuggestionEngine Should score proximity correctly","invocations":1,"location":null,"numPassingAsserts":2,"retryReasons":[],"status":"passed","title":"Should score proximity correctly"},{"ancestorTitles":["Conflict Detection & Smart Suggestion Engine - Issue #96","SuggestionEngine"],"duration":1,"failureDetails":[],"failureMessages":[],"fullName":"Conflict Detection & Smart Suggestion Engine - Issue #96 SuggestionEngine Should score teacher load balance","invocations":1,"location":null,"numPassingAsserts":2,"retryReasons":[],"status":"passed","title":"Should score teacher load balance"},{"ancestorTitles":["Conflict Detection & Smart Suggestion Engine - Issue #96","SuggestionEngine"],"duration":2,"failureDetails":[],"failureMessages":[],"fullName":"Conflict Detection & Smart Suggestion Engine - Issue #96 SuggestionEngine Should score room utilization correctly","invocations":1,"location":null,"numPassingAsserts":3,"retryReasons":[],"status":"passed","title":"Should score room utilization correctly"},{"ancestorTitles":["Conflict Detection & Smart Suggestion Engine - Issue #96","SuggestionEngine"],"duration":1,"failureDetails":[],"failureMessages":[],"fullName":"Conflict Detection & Smart Suggestion Engine - Issue #96 SuggestionEngine Should validate slot constraints properly","invocations":1,"location":null,"numPassingAsserts":2,"retryReasons":[],"status":"passed","title":"Should validate slot constraints properly"},{"ancestorTitles":["Conflict Detection & Smart Suggestion Engine - Issue #96","Service Integration - detectConflictsAndSuggest"],"duration":4,"failureDetails":[],"failureMessages":[],"fullName":"Conflict Detection & Smart Suggestion Engine - Issue #96 Service Integration - detectConflictsAndSuggest Should return suggestions when conflicts detected","invocations":1,"location":null,"numPassingAsserts":4,"retryReasons":[],"status":"passed","title":"Should return suggestions when conflicts detected"},{"ancestorTitles":["Conflict Detection & Smart Suggestion Engine - Issue #96","Service Integration - detectConflictsAndSuggest"],"duration":1,"failureDetails":[],"failureMessages":[],"fullName":"Conflict Detection & Smart Suggestion Engine - Issue #96 Service Integration - detectConflictsAndSuggest Should return success when no conflicts","invocations":1,"location":null,"numPassingAsserts":2,"retryReasons":[],"status":"passed","title":"Should return success when no conflicts"}],"endTime":1779295931910,"message":"","name":"C:\\Users\\Rushabh Mahajan\\Documents\\GitHub\\smart-campus-utility-hub\\smart-campus-backend\\__tests__\\timetable-generation.test.js","startTime":1779295930266,"status":"passed","summary":""},{"assertionResults":[{"ancestorTitles":["Timetable Listing – Pagination and Sorting","Valid pagination parameters"],"duration":28,"failureDetails":[],"failureMessages":[],"fullName":"Timetable Listing – Pagination and Sorting Valid pagination parameters GET /api/timetable/teachers?page=1&limit=5 returns metadata","invocations":1,"location":null,"numPassingAsserts":5,"retryReasons":[],"status":"passed","title":"GET /api/timetable/teachers?page=1&limit=5 returns metadata"},{"ancestorTitles":["Timetable Listing – Pagination and Sorting","Valid pagination parameters"],"duration":32,"failureDetails":[],"failureMessages":[],"fullName":"Timetable Listing – Pagination and Sorting Valid pagination parameters GET /api/timetable/subjects?page=2&limit=10 returns correct page","invocations":1,"location":null,"numPassingAsserts":4,"retryReasons":[],"status":"passed","title":"GET /api/timetable/subjects?page=2&limit=10 returns correct page"},{"ancestorTitles":["Timetable Listing – Pagination and Sorting","Valid pagination parameters"],"duration":16,"failureDetails":[],"failureMessages":[],"fullName":"Timetable Listing – Pagination and Sorting Valid pagination parameters GET /api/timetable/rooms?page=1&limit=100 (max allowed limit)","invocations":1,"location":null,"numPassingAsserts":2,"retryReasons":[],"status":"passed","title":"GET /api/timetable/rooms?page=1&limit=100 (max allowed limit)"},{"ancestorTitles":["Timetable Listing – Pagination and Sorting","Valid pagination parameters"],"duration":16,"failureDetails":[],"failureMessages":[],"fullName":"Timetable Listing – Pagination and Sorting Valid pagination parameters GET /api/timetable/groups?page=1 uses default limit","invocations":1,"location":null,"numPassingAsserts":2,"retryReasons":[],"status":"passed","title":"GET /api/timetable/groups?page=1 uses default limit"},{"ancestorTitles":["Timetable Listing – Pagination and Sorting","Valid sort parameters"],"duration":17,"failureDetails":[],"failureMessages":[],"fullName":"Timetable Listing – Pagination and Sorting Valid sort parameters GET /api/timetable/teachers?sort=full_name&order=asc","invocations":1,"location":null,"numPassingAsserts":2,"retryReasons":[],"status":"passed","title":"GET /api/timetable/teachers?sort=full_name&order=asc"},{"ancestorTitles":["Timetable Listing – Pagination and Sorting","Valid sort parameters"],"duration":15,"failureDetails":[],"failureMessages":[],"fullName":"Timetable Listing – Pagination and Sorting Valid sort parameters GET /api/timetable/teachers?sort=department&order=desc","invocations":1,"location":null,"numPassingAsserts":2,"retryReasons":[],"status":"passed","title":"GET /api/timetable/teachers?sort=department&order=desc"},{"ancestorTitles":["Timetable Listing – Pagination and Sorting","Valid sort parameters"],"duration":12,"failureDetails":[],"failureMessages":[],"fullName":"Timetable Listing – Pagination and Sorting Valid sort parameters GET /api/timetable/subjects?sort=subject_name&order=asc","invocations":1,"location":null,"numPassingAsserts":1,"retryReasons":[],"status":"passed","title":"GET /api/timetable/subjects?sort=subject_name&order=asc"},{"ancestorTitles":["Timetable Listing – Pagination and Sorting","Valid sort parameters"],"duration":13,"failureDetails":[],"failureMessages":[],"fullName":"Timetable Listing – Pagination and Sorting Valid sort parameters GET /api/timetable/subjects?sort=semester","invocations":1,"location":null,"numPassingAsserts":1,"retryReasons":[],"status":"passed","title":"GET /api/timetable/subjects?sort=semester"},{"ancestorTitles":["Timetable Listing – Pagination and Sorting","Valid sort parameters"],"duration":12,"failureDetails":[],"failureMessages":[],"fullName":"Timetable Listing – Pagination and Sorting Valid sort parameters GET /api/timetable/rooms?sort=capacity&order=desc","invocations":1,"location":null,"numPassingAsserts":1,"retryReasons":[],"status":"passed","title":"GET /api/timetable/rooms?sort=capacity&order=desc"},{"ancestorTitles":["Timetable Listing – Pagination and Sorting","Valid sort parameters"],"duration":10,"failureDetails":[],"failureMessages":[],"fullName":"Timetable Listing – Pagination and Sorting Valid sort parameters GET /api/timetable/groups?sort=group_name","invocations":1,"location":null,"numPassingAsserts":1,"retryReasons":[],"status":"passed","title":"GET /api/timetable/groups?sort=group_name"},{"ancestorTitles":["Timetable Listing – Pagination and Sorting","Valid sort parameters"],"duration":9,"failureDetails":[],"failureMessages":[],"fullName":"Timetable Listing – Pagination and Sorting Valid sort parameters GET /api/timetable/teachers?sort=created_at&order=desc","invocations":1,"location":null,"numPassingAsserts":1,"retryReasons":[],"status":"passed","title":"GET /api/timetable/teachers?sort=created_at&order=desc"},{"ancestorTitles":["Timetable Listing – Pagination and Sorting","Invalid pagination parameters → 400"],"duration":119,"failureDetails":[],"failureMessages":[],"fullName":"Timetable Listing – Pagination and Sorting Invalid pagination parameters → 400 Non-numeric page → 400","invocations":1,"location":null,"numPassingAsserts":1,"retryReasons":[],"status":"passed","title":"Non-numeric page → 400"},{"ancestorTitles":["Timetable Listing – Pagination and Sorting","Invalid pagination parameters → 400"],"duration":30,"failureDetails":[],"failureMessages":[],"fullName":"Timetable Listing – Pagination and Sorting Invalid pagination parameters → 400 Non-numeric limit → 400","invocations":1,"location":null,"numPassingAsserts":1,"retryReasons":[],"status":"passed","title":"Non-numeric limit → 400"},{"ancestorTitles":["Timetable Listing – Pagination and Sorting","Invalid pagination parameters → 400"],"duration":16,"failureDetails":[],"failureMessages":[],"fullName":"Timetable Listing – Pagination and Sorting Invalid pagination parameters → 400 page=0 → 400","invocations":1,"location":null,"numPassingAsserts":1,"retryReasons":[],"status":"passed","title":"page=0 → 400"},{"ancestorTitles":["Timetable Listing – Pagination and Sorting","Invalid pagination parameters → 400"],"duration":19,"failureDetails":[],"failureMessages":[],"fullName":"Timetable Listing – Pagination and Sorting Invalid pagination parameters → 400 page=-1 → 400","invocations":1,"location":null,"numPassingAsserts":1,"retryReasons":[],"status":"passed","title":"page=-1 → 400"},{"ancestorTitles":["Timetable Listing – Pagination and Sorting","Invalid pagination parameters → 400"],"duration":20,"failureDetails":[],"failureMessages":[],"fullName":"Timetable Listing – Pagination and Sorting Invalid pagination parameters → 400 limit=0 → 400","invocations":1,"location":null,"numPassingAsserts":1,"retryReasons":[],"status":"passed","title":"limit=0 → 400"},{"ancestorTitles":["Timetable Listing – Pagination and Sorting","Invalid pagination parameters → 400"],"duration":23,"failureDetails":[],"failureMessages":[],"fullName":"Timetable Listing – Pagination and Sorting Invalid pagination parameters → 400 limit exceeding max (101) → 400","invocations":1,"location":null,"numPassingAsserts":1,"retryReasons":[],"status":"passed","title":"limit exceeding max (101) → 400"},{"ancestorTitles":["Timetable Listing – Pagination and Sorting","Invalid pagination parameters → 400"],"duration":17,"failureDetails":[],"failureMessages":[],"fullName":"Timetable Listing – Pagination and Sorting Invalid pagination parameters → 400 limit=-1 → 400","invocations":1,"location":null,"numPassingAsserts":1,"retryReasons":[],"status":"passed","title":"limit=-1 → 400"},{"ancestorTitles":["Timetable Listing – Pagination and Sorting","Invalid pagination parameters → 400"],"duration":17,"failureDetails":[],"failureMessages":[],"fullName":"Timetable Listing – Pagination and Sorting Invalid pagination parameters → 400 limit=-100 → 400","invocations":1,"location":null,"numPassingAsserts":1,"retryReasons":[],"status":"passed","title":"limit=-100 → 400"},{"ancestorTitles":["Timetable Listing – Pagination and Sorting","Invalid pagination parameters → 400"],"duration":16,"failureDetails":[],"failureMessages":[],"fullName":"Timetable Listing – Pagination and Sorting Invalid pagination parameters → 400 Non-integer page (float) → 400","invocations":1,"location":null,"numPassingAsserts":1,"retryReasons":[],"status":"passed","title":"Non-integer page (float) → 400"},{"ancestorTitles":["Timetable Listing – Pagination and Sorting","Invalid pagination parameters → 400"],"duration":16,"failureDetails":[],"failureMessages":[],"fullName":"Timetable Listing – Pagination and Sorting Invalid pagination parameters → 400 Non-integer limit (float) → 400","invocations":1,"location":null,"numPassingAsserts":1,"retryReasons":[],"status":"passed","title":"Non-integer limit (float) → 400"},{"ancestorTitles":["Timetable Listing – Pagination and Sorting","Invalid sort parameters → 400"],"duration":40,"failureDetails":[],"failureMessages":[],"fullName":"Timetable Listing – Pagination and Sorting Invalid sort parameters → 400 Unknown sort field for teachers → 400","invocations":1,"location":null,"numPassingAsserts":1,"retryReasons":[],"status":"passed","title":"Unknown sort field for teachers → 400"},{"ancestorTitles":["Timetable Listing – Pagination and Sorting","Invalid sort parameters → 400"],"duration":17,"failureDetails":[],"failureMessages":[],"fullName":"Timetable Listing – Pagination and Sorting Invalid sort parameters → 400 SQL injection attempt in sort → 400","invocations":1,"location":null,"numPassingAsserts":1,"retryReasons":[],"status":"passed","title":"SQL injection attempt in sort → 400"},{"ancestorTitles":["Timetable Listing – Pagination and Sorting","Invalid sort parameters → 400"],"duration":19,"failureDetails":[],"failureMessages":[],"fullName":"Timetable Listing – Pagination and Sorting Invalid sort parameters → 400 Unknown sort field for subjects → 400","invocations":1,"location":null,"numPassingAsserts":1,"retryReasons":[],"status":"passed","title":"Unknown sort field for subjects → 400"},{"ancestorTitles":["Timetable Listing – Pagination and Sorting","Invalid sort parameters → 400"],"duration":14,"failureDetails":[],"failureMessages":[],"fullName":"Timetable Listing – Pagination and Sorting Invalid sort parameters → 400 Unknown sort field for rooms → 400","invocations":1,"location":null,"numPassingAsserts":1,"retryReasons":[],"status":"passed","title":"Unknown sort field for rooms → 400"},{"ancestorTitles":["Timetable Listing – Pagination and Sorting","Invalid sort parameters → 400"],"duration":25,"failureDetails":[],"failureMessages":[],"fullName":"Timetable Listing – Pagination and Sorting Invalid sort parameters → 400 Unknown sort field for groups → 400","invocations":1,"location":null,"numPassingAsserts":1,"retryReasons":[],"status":"passed","title":"Unknown sort field for groups → 400"},{"ancestorTitles":["Timetable Listing – Pagination and Sorting","Invalid sort parameters → 400"],"duration":16,"failureDetails":[],"failureMessages":[],"fullName":"Timetable Listing – Pagination and Sorting Invalid sort parameters → 400 Invalid order value → 400","invocations":1,"location":null,"numPassingAsserts":1,"retryReasons":[],"status":"passed","title":"Invalid order value → 400"},{"ancestorTitles":["Timetable Listing – Pagination and Sorting","Invalid sort parameters → 400"],"duration":13,"failureDetails":[],"failureMessages":[],"fullName":"Timetable Listing – Pagination and Sorting Invalid sort parameters → 400 Invalid order value \"random\" → 400","invocations":1,"location":null,"numPassingAsserts":1,"retryReasons":[],"status":"passed","title":"Invalid order value \"random\" → 400"},{"ancestorTitles":["Timetable Listing – Pagination and Sorting","Boundary cases"],"duration":21,"failureDetails":[],"failureMessages":[],"fullName":"Timetable Listing – Pagination and Sorting Boundary cases Page beyond total returns empty array with correct metadata","invocations":1,"location":null,"numPassingAsserts":5,"retryReasons":[],"status":"passed","title":"Page beyond total returns empty array with correct metadata"},{"ancestorTitles":["Timetable Listing – Pagination and Sorting","Boundary cases"],"duration":10,"failureDetails":[],"failureMessages":[],"fullName":"Timetable Listing – Pagination and Sorting Boundary cases Page 1 with large limit returns all items and correct count","invocations":1,"location":null,"numPassingAsserts":4,"retryReasons":[],"status":"passed","title":"Page 1 with large limit returns all items and correct count"},{"ancestorTitles":["Timetable Listing – Pagination and Sorting","Boundary cases"],"duration":12,"failureDetails":[],"failureMessages":[],"fullName":"Timetable Listing – Pagination and Sorting Boundary cases Combined filter + pagination + sort","invocations":1,"location":null,"numPassingAsserts":3,"retryReasons":[],"status":"passed","title":"Combined filter + pagination + sort"},{"ancestorTitles":["Timetable Listing – Pagination and Sorting","Boundary cases"],"duration":36,"failureDetails":[],"failureMessages":[],"fullName":"Timetable Listing – Pagination and Sorting Boundary cases Large dataset simulation (1,000,000 records)","invocations":1,"location":null,"numPassingAsserts":5,"retryReasons":[],"status":"passed","title":"Large dataset simulation (1,000,000 records)"},{"ancestorTitles":["Timetable Listing – Pagination and Sorting","Boundary cases"],"duration":15,"failureDetails":[],"failureMessages":[],"fullName":"Timetable Listing – Pagination and Sorting Boundary cases Extremely large page number (beyond 32-bit int) returns empty result","invocations":1,"location":null,"numPassingAsserts":3,"retryReasons":[],"status":"passed","title":"Extremely large page number (beyond 32-bit int) returns empty result"},{"ancestorTitles":["Timetable Listing – Pagination and Sorting","Boundary cases"],"duration":44,"failureDetails":[],"failureMessages":[],"fullName":"Timetable Listing – Pagination and Sorting Boundary cases page=1&limit=20 (defaults) returns valid structure for all list endpoints","invocations":1,"location":null,"numPassingAsserts":24,"retryReasons":[],"status":"passed","title":"page=1&limit=20 (defaults) returns valid structure for all list endpoints"}],"endTime":1779295934033,"message":"","name":"C:\\Users\\Rushabh Mahajan\\Documents\\GitHub\\smart-campus-utility-hub\\smart-campus-backend\\__tests__\\timetable-pagination.test.js","startTime":1779295931993,"status":"passed","summary":""},{"assertionResults":[{"ancestorTitles":["Campus Events API Tests","GET /api/events"],"duration":18,"failureDetails":[],"failureMessages":[],"fullName":"Campus Events API Tests GET /api/events should get all events (public)","invocations":1,"location":null,"numPassingAsserts":3,"retryReasons":[],"status":"passed","title":"should get all events (public)"},{"ancestorTitles":["Campus Events API Tests","GET /api/events"],"duration":19,"failureDetails":[],"failureMessages":[],"fullName":"Campus Events API Tests GET /api/events should filter events by search query","invocations":1,"location":null,"numPassingAsserts":2,"retryReasons":[],"status":"passed","title":"should filter events by search query"},{"ancestorTitles":["Campus Events API Tests","GET /api/events"],"duration":12,"failureDetails":[],"failureMessages":[],"fullName":"Campus Events API Tests GET /api/events should filter events by tag","invocations":1,"location":null,"numPassingAsserts":1,"retryReasons":[],"status":"passed","title":"should filter events by tag"},{"ancestorTitles":["Campus Events API Tests","GET /api/events/:id"],"duration":11,"failureDetails":[],"failureMessages":[],"fullName":"Campus Events API Tests GET /api/events/:id should get event by ID","invocations":1,"location":null,"numPassingAsserts":3,"retryReasons":[],"status":"passed","title":"should get event by ID"},{"ancestorTitles":["Campus Events API Tests","GET /api/events/:id"],"duration":49,"failureDetails":[],"failureMessages":[],"fullName":"Campus Events API Tests GET /api/events/:id should return 404 for non-existent event","invocations":1,"location":null,"numPassingAsserts":2,"retryReasons":[],"status":"passed","title":"should return 404 for non-existent event"},{"ancestorTitles":["Campus Events API Tests","POST /api/events (Admin only)"],"duration":54,"failureDetails":[],"failureMessages":[],"fullName":"Campus Events API Tests POST /api/events (Admin only) should create event with admin token","invocations":1,"location":null,"numPassingAsserts":3,"retryReasons":[],"status":"passed","title":"should create event with admin token"},{"ancestorTitles":["Campus Events API Tests","POST /api/events (Admin only)"],"duration":13,"failureDetails":[],"failureMessages":[],"fullName":"Campus Events API Tests POST /api/events (Admin only) should reject event creation without admin privileges","invocations":1,"location":null,"numPassingAsserts":2,"retryReasons":[],"status":"passed","title":"should reject event creation without admin privileges"},{"ancestorTitles":["Campus Events API Tests","POST /api/events (Admin only)"],"duration":13,"failureDetails":[],"failureMessages":[],"fullName":"Campus Events API Tests POST /api/events (Admin only) should reject event creation without authentication","invocations":1,"location":null,"numPassingAsserts":1,"retryReasons":[],"status":"passed","title":"should reject event creation without authentication"},{"ancestorTitles":["Campus Events API Tests","POST /api/events/:id/save (Protected)"],"duration":16,"failureDetails":[],"failureMessages":[],"fullName":"Campus Events API Tests POST /api/events/:id/save (Protected) should allow authenticated user to save event","invocations":1,"location":null,"numPassingAsserts":2,"retryReasons":[],"status":"passed","title":"should allow authenticated user to save event"},{"ancestorTitles":["Campus Events API Tests","POST /api/events/:id/save (Protected)"],"duration":13,"failureDetails":[],"failureMessages":[],"fullName":"Campus Events API Tests POST /api/events/:id/save (Protected) should reject saving event without authentication","invocations":1,"location":null,"numPassingAsserts":1,"retryReasons":[],"status":"passed","title":"should reject saving event without authentication"},{"ancestorTitles":["Campus Events API Tests","GET /api/events/saved/my-events (Protected)"],"duration":15,"failureDetails":[],"failureMessages":[],"fullName":"Campus Events API Tests GET /api/events/saved/my-events (Protected) should get user's saved events","invocations":1,"location":null,"numPassingAsserts":3,"retryReasons":[],"status":"passed","title":"should get user's saved events"},{"ancestorTitles":["Clubs API Tests","GET /api/clubs"],"duration":19,"failureDetails":[],"failureMessages":[],"fullName":"Clubs API Tests GET /api/clubs should get all clubs (public)","invocations":1,"location":null,"numPassingAsserts":4,"retryReasons":[],"status":"passed","title":"should get all clubs (public)"},{"ancestorTitles":["Clubs API Tests","GET /api/clubs"],"duration":10,"failureDetails":[],"failureMessages":[],"fullName":"Clubs API Tests GET /api/clubs should filter clubs by category","invocations":1,"location":null,"numPassingAsserts":1,"retryReasons":[],"status":"passed","title":"should filter clubs by category"},{"ancestorTitles":["Clubs API Tests","GET /api/clubs/:id"],"duration":14,"failureDetails":[],"failureMessages":[],"fullName":"Clubs API Tests GET /api/clubs/:id should get club by ID with events","invocations":1,"location":null,"numPassingAsserts":4,"retryReasons":[],"status":"passed","title":"should get club by ID with events"},{"ancestorTitles":["Clubs API Tests","POST /api/clubs (Admin only)"],"duration":17,"failureDetails":[],"failureMessages":[],"fullName":"Clubs API Tests POST /api/clubs (Admin only) should create club with admin token","invocations":1,"location":null,"numPassingAsserts":3,"retryReasons":[],"status":"passed","title":"should create club with admin token"},{"ancestorTitles":["Clubs API Tests","POST /api/clubs (Admin only)"],"duration":14,"failureDetails":[],"failureMessages":[],"fullName":"Clubs API Tests POST /api/clubs (Admin only) should reject club creation by non-admin","invocations":1,"location":null,"numPassingAsserts":1,"retryReasons":[],"status":"passed","title":"should reject club creation by non-admin"},{"ancestorTitles":["Clubs API Tests","DELETE /api/clubs/:id (Admin only)"],"duration":11,"failureDetails":[],"failureMessages":[],"fullName":"Clubs API Tests DELETE /api/clubs/:id (Admin only) should delete club with admin token","invocations":1,"location":null,"numPassingAsserts":2,"retryReasons":[],"status":"passed","title":"should delete club with admin token"},{"ancestorTitles":["Clubs API Tests","DELETE /api/clubs/:id (Admin only)"],"duration":19,"failureDetails":[],"failureMessages":[],"fullName":"Clubs API Tests DELETE /api/clubs/:id (Admin only) should return 404 when deleting non-existent club","invocations":1,"location":null,"numPassingAsserts":1,"retryReasons":[],"status":"passed","title":"should return 404 when deleting non-existent club"}],"endTime":1779295935806,"message":"","name":"C:\\Users\\Rushabh Mahajan\\Documents\\GitHub\\smart-campus-utility-hub\\smart-campus-backend\\__tests__\\events.test.js","startTime":1779295934098,"status":"passed","summary":""},{"assertionResults":[{"ancestorTitles":["Query Parameter Validation Tests","Events Query Validation"],"duration":20,"failureDetails":[],"failureMessages":[],"fullName":"Query Parameter Validation Tests Events Query Validation should allow valid query parameters for events","invocations":1,"location":null,"numPassingAsserts":2,"retryReasons":[],"status":"passed","title":"should allow valid query parameters for events"},{"ancestorTitles":["Query Parameter Validation Tests","Events Query Validation"],"duration":106,"failureDetails":[],"failureMessages":[],"fullName":"Query Parameter Validation Tests Events Query Validation should reject invalid club_id (not a number)","invocations":1,"location":null,"numPassingAsserts":3,"retryReasons":[],"status":"passed","title":"should reject invalid club_id (not a number)"},{"ancestorTitles":["Query Parameter Validation Tests","Events Query Validation"],"duration":17,"failureDetails":[],"failureMessages":[],"fullName":"Query Parameter Validation Tests Events Query Validation should reject invalid is_featured (not true/false string)","invocations":1,"location":null,"numPassingAsserts":2,"retryReasons":[],"status":"passed","title":"should reject invalid is_featured (not true/false string)"},{"ancestorTitles":["Query Parameter Validation Tests","Events Query Validation"],"duration":15,"failureDetails":[],"failureMessages":[],"fullName":"Query Parameter Validation Tests Events Query Validation should reject invalid sort field","invocations":1,"location":null,"numPassingAsserts":2,"retryReasons":[],"status":"passed","title":"should reject invalid sort field"},{"ancestorTitles":["Query Parameter Validation Tests","Events Query Validation"],"duration":29,"failureDetails":[],"failureMessages":[],"fullName":"Query Parameter Validation Tests Events Query Validation should reject negative page number","invocations":1,"location":null,"numPassingAsserts":2,"retryReasons":[],"status":"passed","title":"should reject negative page number"},{"ancestorTitles":["Query Parameter Validation Tests","Clubs Query Validation"],"duration":15,"failureDetails":[],"failureMessages":[],"fullName":"Query Parameter Validation Tests Clubs Query Validation should allow valid query parameters for clubs","invocations":1,"location":null,"numPassingAsserts":2,"retryReasons":[],"status":"passed","title":"should allow valid query parameters for clubs"},{"ancestorTitles":["Query Parameter Validation Tests","Clubs Query Validation"],"duration":19,"failureDetails":[],"failureMessages":[],"fullName":"Query Parameter Validation Tests Clubs Query Validation should reject search term that is too long","invocations":1,"location":null,"numPassingAsserts":2,"retryReasons":[],"status":"passed","title":"should reject search term that is too long"}],"endTime":1779295937126,"message":"","name":"C:\\Users\\Rushabh Mahajan\\Documents\\GitHub\\smart-campus-utility-hub\\smart-campus-backend\\__tests__\\query-validation.test.js","startTime":1779295935856,"status":"passed","summary":""},{"assertionResults":[{"ancestorTitles":["Notifications API Tests"],"duration":31,"failureDetails":[],"failureMessages":[],"fullName":"Notifications API Tests GET /api/notifications should return notifications list","invocations":1,"location":null,"numPassingAsserts":4,"retryReasons":[],"status":"passed","title":"GET /api/notifications should return notifications list"},{"ancestorTitles":["Notifications API Tests"],"duration":29,"failureDetails":[],"failureMessages":[],"fullName":"Notifications API Tests PATCH /api/notifications/:id/read should mark notification read","invocations":1,"location":null,"numPassingAsserts":2,"retryReasons":[],"status":"passed","title":"PATCH /api/notifications/:id/read should mark notification read"},{"ancestorTitles":["Notifications API Tests"],"duration":15,"failureDetails":[],"failureMessages":[],"fullName":"Notifications API Tests PATCH /api/notifications/read-all should mark all notifications read","invocations":1,"location":null,"numPassingAsserts":3,"retryReasons":[],"status":"passed","title":"PATCH /api/notifications/read-all should mark all notifications read"}],"endTime":1779295938180,"message":"","name":"C:\\Users\\Rushabh Mahajan\\Documents\\GitHub\\smart-campus-utility-hub\\smart-campus-backend\\__tests__\\notifications.test.js","startTime":1779295937150,"status":"passed","summary":""},{"assertionResults":[{"ancestorTitles":["Middleware Tests","Authentication Middleware"],"duration":5,"failureDetails":[],"failureMessages":[],"fullName":"Middleware Tests Authentication Middleware should generate a valid JWT token","invocations":1,"location":null,"numPassingAsserts":4,"retryReasons":[],"status":"passed","title":"should generate a valid JWT token"},{"ancestorTitles":["Middleware Tests","Authentication Middleware"],"duration":4,"failureDetails":[],"failureMessages":[],"fullName":"Middleware Tests Authentication Middleware should verify valid token in request","invocations":1,"location":null,"numPassingAsserts":3,"retryReasons":[],"status":"passed","title":"should verify valid token in request"},{"ancestorTitles":["Middleware Tests","Authentication Middleware"],"duration":3,"failureDetails":[],"failureMessages":[],"fullName":"Middleware Tests Authentication Middleware should reject request without token","invocations":1,"location":null,"numPassingAsserts":3,"retryReasons":[],"status":"passed","title":"should reject request without token"},{"ancestorTitles":["Middleware Tests","Authentication Middleware"],"duration":7,"failureDetails":[],"failureMessages":[],"fullName":"Middleware Tests Authentication Middleware should reject request with invalid token","invocations":1,"location":null,"numPassingAsserts":4,"retryReasons":[],"status":"passed","title":"should reject request with invalid token"},{"ancestorTitles":["Middleware Tests","Authentication Middleware"],"duration":6,"failureDetails":[],"failureMessages":[],"fullName":"Middleware Tests Authentication Middleware should reject request with expired token","invocations":1,"location":null,"numPassingAsserts":4,"retryReasons":[],"status":"passed","title":"should reject request with expired token"},{"ancestorTitles":["Middleware Tests","Validation Middleware"],"duration":5,"failureDetails":[],"failureMessages":[],"fullName":"Middleware Tests Validation Middleware should validate correct login data","invocations":1,"location":null,"numPassingAsserts":1,"retryReasons":[],"status":"passed","title":"should validate correct login data"},{"ancestorTitles":["Middleware Tests","Validation Middleware"],"duration":2,"failureDetails":[],"failureMessages":[],"fullName":"Middleware Tests Validation Middleware should reject invalid email format","invocations":1,"location":null,"numPassingAsserts":3,"retryReasons":[],"status":"passed","title":"should reject invalid email format"}],"endTime":1779295938714,"message":"","name":"C:\\Users\\Rushabh Mahajan\\Documents\\GitHub\\smart-campus-utility-hub\\smart-campus-backend\\__tests__\\middleware.test.js","startTime":1779295938209,"status":"passed","summary":""},{"assertionResults":[{"ancestorTitles":["parsePagination"],"duration":9,"failureDetails":[],"failureMessages":[],"fullName":"parsePagination returns valid page and limit","invocations":1,"location":null,"numPassingAsserts":1,"retryReasons":[],"status":"passed","title":"returns valid page and limit"},{"ancestorTitles":["parsePagination"],"duration":1,"failureDetails":[],"failureMessages":[],"fullName":"parsePagination falls back to defaults for invalid values","invocations":1,"location":null,"numPassingAsserts":3,"retryReasons":[],"status":"passed","title":"falls back to defaults for invalid values"},{"ancestorTitles":["parsePagination"],"duration":0,"failureDetails":[],"failureMessages":[],"fullName":"parsePagination page cannot be less than 1","invocations":1,"location":null,"numPassingAsserts":1,"retryReasons":[],"status":"passed","title":"page cannot be less than 1"},{"ancestorTitles":["parsePagination"],"duration":1,"failureDetails":[],"failureMessages":[],"fullName":"parsePagination limit cannot be less than 1","invocations":1,"location":null,"numPassingAsserts":1,"retryReasons":[],"status":"passed","title":"limit cannot be less than 1"},{"ancestorTitles":["parsePagination"],"duration":1,"failureDetails":[],"failureMessages":[],"fullName":"parsePagination limit cannot exceed max limit","invocations":1,"location":null,"numPassingAsserts":1,"retryReasons":[],"status":"passed","title":"limit cannot exceed max limit"}],"endTime":1779295938985,"message":"","name":"C:\\Users\\Rushabh Mahajan\\Documents\\GitHub\\smart-campus-utility-hub\\smart-campus-backend\\__tests__\\request.test.js","startTime":1779295938740,"status":"passed","summary":""}],"wasInterrupted":false}
